<?xml version="1.0" encoding="UTF-8"?>
<!-- Generated by org.testng.reporters.JUnitReportReporter -->
<testsuite skipped="0" hostname="HIBACL99648" name="AdvancedPayloadCreation.ParameterizeUsingDataProviderMultipleData" tests="3" failures="0" timestamp="2021-05-09T19:04:46 IST" time="5.021" errors="0">
  <testcase name="AddBook" time="0.434" classname="AdvancedPayloadCreation.ParameterizeUsingDataProviderMultipleData"/>
  <system-out/>
  <testcase name="AddBook" time="0.420" classname="AdvancedPayloadCreation.ParameterizeUsingDataProviderMultipleData"/>
  <system-out/>
  <testcase name="AddBook" time="4.167" classname="AdvancedPayloadCreation.ParameterizeUsingDataProviderMultipleData"/>
  <system-out/>
</testsuite> <!-- AdvancedPayloadCreation.ParameterizeUsingDataProviderMultipleData -->
