<?xml version="1.0" encoding="UTF-8"?>
<!-- Generated by org.testng.reporters.JUnitReportReporter -->
<testsuite skipped="0" hostname="HIBACL99648"
	name="ReadyAPI_Basics.TC12_VerifySumofAllCoursesEqualsPurchaseAmt"
	tests="1" failures="0" timestamp="2021-05-05T14:56:36 IST" time="1.391"
	errors="0">
	<testcase name="ValidateSum" time="1.391"
		classname="ReadyAPI_Basics.TC12_VerifySumofAllCoursesEqualsPurchaseAmt" />
	<system-out />
</testsuite> <!-- ReadyAPI_Basics.TC12_VerifySumofAllCoursesEqualsPurchaseAmt -->
