<?xml version="1.0" encoding="UTF-8"?>
<!-- Generated by org.testng.reporters.JUnitReportReporter -->
<testsuite skipped="0" hostname="HIBACL99648"
	name="SpecBuilder.ReqResSpecBuilderforWeatherAPI" tests="1"
	failures="0" timestamp="2021-05-09T18:59:34 IST" time="4.769"
	errors="0">
	<testcase name="GetWeatherDetails" time="4.769"
		classname="SpecBuilder.ReqResSpecBuilderforWeatherAPI" />
	<system-out />
</testsuite> <!-- SpecBuilder.ReqResSpecBuilderforWeatherAPI -->
