<?xml version="1.0" encoding="UTF-8"?>
<!-- Generated by org.testng.reporters.JUnitReportReporter -->
<testsuite skipped="0" hostname="HIBACL99648" name="SpecBuilder.ReqResSpecBuilderforWeatherAPI" tests="1" failures="0" timestamp="2021-05-13T16:41:53 IST" time="4.245" errors="0">
  <testcase name="GetWeatherDetails" time="4.245" classname="SpecBuilder.ReqResSpecBuilderforWeatherAPI"/>
  <system-out/>
</testsuite> <!-- SpecBuilder.ReqResSpecBuilderforWeatherAPI -->
