<?xml version="1.0" encoding="UTF-8"?>
<!-- Generated by org.testng.reporters.JUnitReportReporter -->
<testsuite skipped="0" hostname="HIBACL99648"
	name="AdvancedPayloadCreation.BasicsOfLibraryAPI" tests="1"
	failures="0" timestamp="2021-05-05T17:13:27 IST" time="4.519"
	errors="0">
	<testcase name="AddBook" time="4.519"
		classname="AdvancedPayloadCreation.BasicsOfLibraryAPI" />
	<system-out />
</testsuite> <!-- AdvancedPayloadCreation.BasicsOfLibraryAPI -->
