<?xml version="1.0" encoding="UTF-8"?>
<!-- Generated by org.testng.reporters.JUnitReportReporter -->
<testsuite skipped="0" hostname="HIBACL99648"
	name="AdvancedPayloadCreation.ParameterizePayloadUsingDataProvider"
	tests="3" failures="0" timestamp="2021-05-05T18:18:27 IST" time="4.999"
	errors="0">
	<testcase name="AddBook" time="0.463"
		classname="AdvancedPayloadCreation.ParameterizePayloadUsingDataProvider" />
	<system-out />
	<testcase name="AddBook" time="4.159"
		classname="AdvancedPayloadCreation.ParameterizePayloadUsingDataProvider" />
	<system-out />
	<testcase name="AddBook" time="0.377"
		classname="AdvancedPayloadCreation.ParameterizePayloadUsingDataProvider" />
	<system-out />
</testsuite> <!-- AdvancedPayloadCreation.ParameterizePayloadUsingDataProvider -->
