<?xml version="1.0" encoding="UTF-8"?>
<!-- Generated by org.testng.reporters.JUnitReportReporter -->
<testsuite skipped="0" hostname="HIBACL99648"
	name="AdvancedPayloadCreation.DynamicallyBuildJsonPayloadfromTest"
	tests="1" failures="0" timestamp="2021-05-09T19:04:08 IST" time="4.806"
	errors="0">
	<testcase name="AddBook" time="4.806"
		classname="AdvancedPayloadCreation.DynamicallyBuildJsonPayloadfromTest" />
	<system-out />
</testsuite> <!-- AdvancedPayloadCreation.DynamicallyBuildJsonPayloadfromTest -->
